<?xml version="1.0" encoding="UTF-8"?>
<!-- Generated by org.testng.reporters.JUnitXMLReporter -->
<testsuite ignored="3" hostname="HP" failures="1" tests="2" name="TestSmoke" time="50.175" errors="0" timestamp="2022-03-02T16:08:25 IST">
  <testcase classname="com.flipkart.tasks.test.SmokeTest" name="login" time="17.607"/>
  <testcase classname="com.flipkart.tasks.test.SmokeTest" name="addCart" time="4.859">
    <failure type="org.testng.internal.reflect.MethodMatcherException" message="
[public void com.flipkart.tasks.test.SmokeTest.addCart(java.lang.String)] has no parameters defined but was found to be using a data provider (either explicitly specified or inherited from class level annotation).
Data provider mismatch
Method: addCart([Parameter{index=0, type=java.lang.String, declaredAnnotations=[]}])
Arguments: [(java.lang.String) mobiles,(java.lang.String) POCO,(java.lang.String) 4 GB RAM,(java.lang.String) 64 GB ]">
      <![CDATA[org.testng.internal.reflect.MethodMatcherException: 
[public void com.flipkart.tasks.test.SmokeTest.addCart(java.lang.String)] has no parameters defined but was found to be using a data provider (either explicitly specified or inherited from class level annotation).
Data provider mismatch
Method: addCart([Parameter{index=0, type=java.lang.String, declaredAnnotations=[]}])
Arguments: [(java.lang.String) mobiles,(java.lang.String) POCO,(java.lang.String) 4 GB RAM,(java.lang.String) 64 GB ]
at java.base/java.util.concurrent.ThreadPoolExecutor.runWorker(ThreadPoolExecutor.java:1136)
at java.base/java.util.concurrent.ThreadPoolExecutor$Worker.run(ThreadPoolExecutor.java:635)
at java.base/java.lang.Thread.run(Thread.java:833)
... Removed 7 stack frames]]>
    </failure>
  </testcase> <!-- addCart -->
  <testcase classname="com.flipkart.tasks.test.SmokeTest" name="cart" time="0.0">
    <ignored/>
  </testcase> <!-- cart -->
  <testcase classname="com.flipkart.tasks.test.SmokeTest" name="linkValidation" time="0.0">
    <ignored/>
  </testcase> <!-- linkValidation -->
  <testcase classname="com.flipkart.tasks.test.SmokeTest" name="cartTest" time="0.0">
    <ignored/>
  </testcase> <!-- cartTest -->
</testsuite> <!-- TestSmoke -->
